<?xml version="1.0" encoding="UTF-8"?>
<!-- Generated by org.testng.reporters.JUnitReportReporter -->
<testsuite hostname="DESKTOP-7R6SIMR" failures="0" tests="1" name="runner.Sprint1Runner" time="142.954" errors="0" timestamp="2 Dec 2020 13:46:17 GMT">
  <testcase classname="runner.Sprint1Runner" name="feature" time="142.954"/>
</testsuite> <!-- runner.Sprint1Runner -->
